Using pre-set license
Built from '2020.3/staging' branch; Version is '2020.3.17f1 (a4537701e4ab) revision 10769271'; Using compiler version '192528614'; Build Type 'Release'
OS: 'Windows 10 Home; OS build 22000.176; Version 2009; 64bit' Language: 'en' Physical Memory: 32701 MB
BatchMode: 1, IsHumanControllingUs: 0, StartBugReporterOnCrash: 0, Is64bit: 1, IsPro: 0

COMMAND LINE ARGUMENTS:
C:\Program Files\Unity\Hub\Editor\2020.3.17f1\Editor\Unity.exe
-adb2
-batchMode
-noUpm
-name
AssetImportWorker0
-projectPath
D:/dev/3_Project_Boost
-logFile
Logs/AssetImportWorker0.log
-srvPort
57851
Successfully changed project path to: D:/dev/3_Project_Boost
D:/dev/3_Project_Boost
Using Asset Import Pipeline V2.
Refreshing native plugins compatible for Editor in 26.03 ms, found 4 plugins.
Preloading 0 native plugins for Editor in 0.00 ms.
Initialize engine version: 2020.3.17f1 (a4537701e4ab)
[Subsystems] Discovering subsystems at path C:/Program Files/Unity/Hub/Editor/2020.3.17f1/Editor/Data/Resources/UnitySubsystems
[Subsystems] Discovering subsystems at path D:/dev/3_Project_Boost/Assets
GfxDevice: creating device client; threaded=0
Direct3D:
    Version:  Direct3D 11.0 [level 11.1]
    Renderer: NVIDIA GeForce RTX 3080 (ID=0x2206)
    Vendor:   
    VRAM:     10078 MB
    Driver:   30.0.14.7168
Initialize mono
Mono path[0] = 'C:/Program Files/Unity/Hub/Editor/2020.3.17f1/Editor/Data/Managed'
Mono path[1] = 'C:/Program Files/Unity/Hub/Editor/2020.3.17f1/Editor/Data/MonoBleedingEdge/lib/mono/unityjit'
Mono config path = 'C:/Program Files/Unity/Hub/Editor/2020.3.17f1/Editor/Data/MonoBleedingEdge/etc'
Using monoOptions --debugger-agent=transport=dt_socket,embedding=1,server=y,suspend=n,address=127.0.0.1:56608
Begin MonoManager ReloadAssembly
Registering precompiled unity dll's ...
Register platform support module: C:/Program Files/Unity/Hub/Editor/2020.3.17f1/Editor/Data/PlaybackEngines/WebGLSupport/UnityEditor.WebGL.Extensions.dll
Register platform support module: C:/Program Files/Unity/Hub/Editor/2020.3.17f1/Editor/Data/PlaybackEngines/MacStandaloneSupport/UnityEditor.OSXStandalone.Extensions.dll
Register platform support module: C:/Program Files/Unity/Hub/Editor/2020.3.17f1/Editor/Data/PlaybackEngines/WindowsStandaloneSupport/UnityEditor.WindowsStandalone.Extensions.dll
Registered in 0.002456 seconds.
Native extension for WindowsStandalone target not found
Native extension for OSXStandalone target not found
Native extension for WebGL target not found
Refreshing native plugins compatible for Editor in 23.57 ms, found 4 plugins.
Preloading 0 native plugins for Editor in 0.00 ms.
Mono: successfully reloaded assembly
- Completed reload, in  1.060 seconds
Domain Reload Profiling:
	ReloadAssembly (1061ms)
		BeginReloadAssembly (47ms)
			ExecutionOrderSort (0ms)
			DisableScriptedObjects (0ms)
			BackupInstance (0ms)
			ReleaseScriptingObjects (0ms)
			CreateAndSetChildDomain (1ms)
		EndReloadAssembly (366ms)
			LoadAssemblies (45ms)
			RebuildTransferFunctionScriptingTraits (0ms)
			SetupTypeCache (143ms)
			ReleaseScriptCaches (0ms)
			RebuildScriptCaches (25ms)
			SetupLoadedEditorAssemblies (134ms)
				LogAssemblyErrors (0ms)
				InitializePlatformSupportModulesInManaged (6ms)
				SetLoadedEditorAssemblies (0ms)
				RefreshPlugins (24ms)
				BeforeProcessingInitializeOnLoad (15ms)
				ProcessInitializeOnLoadAttributes (66ms)
				ProcessInitializeOnLoadMethodAttributes (24ms)
				AfterProcessingInitializeOnLoad (0ms)
				EditorAssembliesLoaded (0ms)
			ExecutionOrderSort2 (0ms)
			AwakeInstancesAfterBackupRestoration (0ms)
Platform modules already initialized, skipping
Registering precompiled user dll's ...
Registered in 0.004394 seconds.
Begin MonoManager ReloadAssembly
Native extension for WindowsStandalone target not found
Native extension for OSXStandalone target not found
Native extension for WebGL target not found
Refreshing native plugins compatible for Editor in 0.36 ms, found 4 plugins.
Preloading 0 native plugins for Editor in 0.00 ms.
Mono: successfully reloaded assembly
- Completed reload, in  0.930 seconds
Domain Reload Profiling:
	ReloadAssembly (931ms)
		BeginReloadAssembly (126ms)
			ExecutionOrderSort (0ms)
			DisableScriptedObjects (4ms)
			BackupInstance (0ms)
			ReleaseScriptingObjects (0ms)
			CreateAndSetChildDomain (17ms)
		EndReloadAssembly (750ms)
			LoadAssemblies (81ms)
			RebuildTransferFunctionScriptingTraits (0ms)
			SetupTypeCache (239ms)
			ReleaseScriptCaches (0ms)
			RebuildScriptCaches (35ms)
			SetupLoadedEditorAssemblies (321ms)
				LogAssemblyErrors (0ms)
				InitializePlatformSupportModulesInManaged (6ms)
				SetLoadedEditorAssemblies (0ms)
				RefreshPlugins (0ms)
				BeforeProcessingInitializeOnLoad (61ms)
				ProcessInitializeOnLoadAttributes (244ms)
				ProcessInitializeOnLoadMethodAttributes (3ms)
				AfterProcessingInitializeOnLoad (6ms)
				EditorAssembliesLoaded (0ms)
			ExecutionOrderSort2 (0ms)
			AwakeInstancesAfterBackupRestoration (5ms)
Platform modules already initialized, skipping
========================================================================
Worker process is ready to serve import requests
Launched and connected shader compiler UnityShaderCompiler.exe after 0.06 seconds
Refreshing native plugins compatible for Editor in 0.34 ms, found 4 plugins.
Preloading 0 native plugins for Editor in 0.00 ms.
Unloading 1418 Unused Serialized files (Serialized files now loaded: 0)
System memory in use before: 65.5 MB.
System memory in use after: 65.6 MB.

Unloading 35 unused Assets to reduce memory usage. Loaded Objects now: 1876.
Total: 2.348700 ms (FindLiveObjects: 0.146800 ms CreateObjectMapping: 0.043300 ms MarkObjects: 2.096500 ms  DeleteObjects: 0.061300 ms)

AssetImportParameters requested are different than current active one (requested -> active):
  custom:framework-win-MediaFoundation: 216162199b28c13a410421893ffa2e32 -> 
  custom:video-decoder-ogg-theora: a1e56fd34408186e4bbccfd4996cb3dc -> 
  custom:container-muxer-webm: aa71ff27fc2769a1b78a27578f13a17b -> 
  custom:container-demuxer-webm: 4f35f7cbe854078d1ac9338744f61a02 -> 
  custom:container-demuxer-ogg: 62fdf1f143b41e24485cea50d1cbac27 -> 
  custom:video-encoder-webm-vp8: eb34c28f22e8b96e1ab97ce403110664 -> 
  custom:video-decoder-webm-vp8: 9c59270c3fd7afecdb556c50c9e8de78 -> 
  custom:audio-decoder-ogg-vorbis: bf7c407c2cedff20999df2af8eb42d56 -> 
  custom:audio-encoder-webm-vorbis: bf7c407c2cedff20999df2af8eb42d56 -> 
========================================================================
Received Import Request.
  path: Assets/Moving Obstacle.prefab
  artifactKey: Guid(7c712204cac2d7747b036db5a9299218) Importer(815301076,1909f56bfc062723c751e8b465ee728b)
Start importing Assets/Moving Obstacle.prefab using Guid(7c712204cac2d7747b036db5a9299218) Importer(815301076,1909f56bfc062723c751e8b465ee728b)  -> (artifact id: 'd54d553b8344c48248422c4dd9db4f25') in 0.155410 seconds 
  Import took 0.157347 seconds .

========================================================================
Received Import Request.
  Time since last request: 0.000177 seconds.
  path: Assets/Success Particles.prefab
  artifactKey: Guid(bb85dda163412634e9d46dab1957b235) Importer(815301076,1909f56bfc062723c751e8b465ee728b)
Start importing Assets/Success Particles.prefab using Guid(bb85dda163412634e9d46dab1957b235) Importer(815301076,1909f56bfc062723c751e8b465ee728b)  -> (artifact id: 'f5c5c58399d7e2688c2a83af0d772e08') in 0.036198 seconds 
  Import took 0.038200 seconds .

========================================================================
Received Import Request.
  Time since last request: 0.000183 seconds.
  path: Assets/Directional Light.prefab
  artifactKey: Guid(17ce8278a6e5b4ab09efa75ac2b34610) Importer(815301076,1909f56bfc062723c751e8b465ee728b)
Start importing Assets/Directional Light.prefab using Guid(17ce8278a6e5b4ab09efa75ac2b34610) Importer(815301076,1909f56bfc062723c751e8b465ee728b)  -> (artifact id: 'a45a3e24031c0aa293814a356d7357a4') in 0.009275 seconds 
  Import took 0.011184 seconds .

========================================================================
Received Import Request.
  Time since last request: 0.000241 seconds.
  path: Assets/Spotlight.prefab
  artifactKey: Guid(4efb28f38441d524b8338240cea9dbeb) Importer(815301076,1909f56bfc062723c751e8b465ee728b)
Start importing Assets/Spotlight.prefab using Guid(4efb28f38441d524b8338240cea9dbeb) Importer(815301076,1909f56bfc062723c751e8b465ee728b)  -> (artifact id: '9d22a3ab8e8fdf0a786a90c7c1aa97de') in 0.009025 seconds 
  Import took 0.010941 seconds .

========================================================================
Received Import Request.
  Time since last request: 0.000319 seconds.
  path: Assets/Spotlight (1).prefab
  artifactKey: Guid(525e7d1f4c276ed45bff527904266ff5) Importer(815301076,1909f56bfc062723c751e8b465ee728b)
Start importing Assets/Spotlight (1).prefab using Guid(525e7d1f4c276ed45bff527904266ff5) Importer(815301076,1909f56bfc062723c751e8b465ee728b)  -> (artifact id: '37832cc9c7d7513be8162c6513d3272e') in 0.009578 seconds 
  Import took 0.011933 seconds .

========================================================================
Received Import Request.
  Time since last request: 0.000257 seconds.
  path: Assets/Main Camera.prefab
  artifactKey: Guid(04ba9cc1e9f7d42a19196588efaba3c0) Importer(815301076,1909f56bfc062723c751e8b465ee728b)
Start importing Assets/Main Camera.prefab using Guid(04ba9cc1e9f7d42a19196588efaba3c0) Importer(815301076,1909f56bfc062723c751e8b465ee728b)  -> (artifact id: '2a7caa5a152c3fbda81773d45c630fc4') in 0.009521 seconds 
  Import took 0.011474 seconds .

========================================================================
Received Import Request.
  Time since last request: 0.000192 seconds.
  path: Assets/Light_Landing_Pad.prefab
  artifactKey: Guid(29c6efe16577e544f9a7acf9d1641671) Importer(815301076,1909f56bfc062723c751e8b465ee728b)
Start importing Assets/Light_Landing_Pad.prefab using Guid(29c6efe16577e544f9a7acf9d1641671) Importer(815301076,1909f56bfc062723c751e8b465ee728b)  -> (artifact id: '0a14ed4c10cc5eca158e3efe81dfff96') in 0.009649 seconds 
  Import took 0.011736 seconds .

========================================================================
Received Import Request.
  Time since last request: 0.000181 seconds.
  path: Assets/Success Particles 1.prefab
  artifactKey: Guid(bc9f686fe35d064459303d3814451a4b) Importer(815301076,1909f56bfc062723c751e8b465ee728b)
Start importing Assets/Success Particles 1.prefab using Guid(bc9f686fe35d064459303d3814451a4b) Importer(815301076,1909f56bfc062723c751e8b465ee728b)  -> (artifact id: '133955e15a94564968556ac48feb1312') in 0.012717 seconds 
  Import took 0.015062 seconds .

========================================================================
Received Import Request.
  Time since last request: 0.000228 seconds.
  path: Assets/Rocket Ship.prefab
  artifactKey: Guid(b50165df3e0f64bd38ace19f08d56c9d) Importer(815301076,1909f56bfc062723c751e8b465ee728b)
Start importing Assets/Rocket Ship.prefab using Guid(b50165df3e0f64bd38ace19f08d56c9d) Importer(815301076,1909f56bfc062723c751e8b465ee728b)  -> (artifact id: '5f83c8899a32e75200d4307b94d164e1') in 0.017830 seconds 
  Import took 0.020552 seconds .

========================================================================
Received Import Request.
  Time since last request: 0.000880 seconds.
  path: Assets/Rocket Ship.prefab
  artifactKey: Guid(b50165df3e0f64bd38ace19f08d56c9d) Importer(815301076,1909f56bfc062723c751e8b465ee728b)
Start importing Assets/Rocket Ship.prefab using Guid(b50165df3e0f64bd38ace19f08d56c9d) Importer(815301076,1909f56bfc062723c751e8b465ee728b)  -> (artifact id: '5f83c8899a32e75200d4307b94d164e1') in 0.009888 seconds 
  Import took 0.012334 seconds .

